commit bf60091ac0367673f888d73dd78e6989cb338633
Author: kabileshsekar <105058250+kabileshsekar@users.noreply.github.com>
Date:   Sun Nov 24 16:44:33 2024 +0000

    Update README.md

commit ab9edabfde5455fa4f887c67d0eff552b2d00098
Author: Madhan Raj K <kabileshsekar03@gmail.com>
Date:   Sun Nov 24 16:35:01 2024 +0000

    Revert "Merge pull request #3 from kabileshsekar/practical09"
    
    This reverts commit 8545bc9093a0e3ee7161684004521fbb7973c4da, reversing
    changes made to 56f7c2a75d772e7f98c24f20182a2f30f04297e1.

commit 41470cf5e2119b19d1b5a065f3ebd434be10cca7
Merge: a0add87 3689f52
Author: kabileshsekar <105058250+kabileshsekar@users.noreply.github.com>
Date:   Sun Nov 24 16:24:21 2024 +0000

    Merge pull request #4 from kabileshsekar/practical09
    
    Practical09

commit 3689f5259c778f7ced0de23ecb0854410471b5d5
Author: kabileshsekar <105058250+kabileshsekar@users.noreply.github.com>
Date:   Sun Nov 24 16:23:45 2024 +0000

    Update README.md

commit 2a83eee42d814749d3b2ab168ebd77cd003cc617
Author: kabileshsekar <105058250+kabileshsekar@users.noreply.github.com>
Date:   Sun Nov 24 15:43:59 2024 +0000

    cleanup

commit 6c59edc20e4b65b594a952bca65ee3a9019fb8c8
Author: kabileshsekar <105058250+kabileshsekar@users.noreply.github.com>
Date:   Sun Nov 24 15:43:48 2024 +0000

    cleanup

commit 31bf7e5cc07e0f6aa5fbaeea14a9dcecb45b1b6b
Author: kabileshsekar <105058250+kabileshsekar@users.noreply.github.com>
Date:   Sun Nov 24 15:43:35 2024 +0000

    cleanup

commit 7f1ee999c7406b6fbf14b75318199e8c718d511a
Author: kabileshsekar <105058250+kabileshsekar@users.noreply.github.com>
Date:   Sun Nov 24 15:43:24 2024 +0000

    cleanup

commit 99d417da1b5ff6854f2877448f5a5712fe3ce571
Author: kabileshsekar <105058250+kabileshsekar@users.noreply.github.com>
Date:   Sun Nov 24 15:43:15 2024 +0000

    cleanup

commit 1b0dab00871823830ed69985aedd3822fa056c6a
Author: kabileshsekar <105058250+kabileshsekar@users.noreply.github.com>
Date:   Sun Nov 24 15:43:04 2024 +0000

    cleanup

commit 7bcf6900b5feba02b1eed0f836f0d8adcece91a0
Author: kabileshsekar <105058250+kabileshsekar@users.noreply.github.com>
Date:   Sun Nov 24 15:42:53 2024 +0000

    cleanup

commit a0add873f248d817e808c9e41ac3a8d3cadf230c
Author: kabileshsekar <105058250+kabileshsekar@users.noreply.github.com>
Date:   Sun Nov 24 15:17:49 2024 +0000

    Add files via upload

commit 8545bc9093a0e3ee7161684004521fbb7973c4da
Merge: 56f7c2a 885e06e
Author: kabileshsekar <105058250+kabileshsekar@users.noreply.github.com>
Date:   Sun Nov 24 15:14:03 2024 +0000

    Merge pull request #3 from kabileshsekar/practical09
    
    Add files via upload

commit 885e06ec48e69182d21aeb3a89c417e0632c8770
Author: kabileshsekar <105058250+kabileshsekar@users.noreply.github.com>
Date:   Sun Nov 24 15:13:37 2024 +0000

    Add files via upload

commit 56f7c2a75d772e7f98c24f20182a2f30f04297e1
Merge: bc03dbe 2c40b57
Author: kabileshsekar <105058250+kabileshsekar@users.noreply.github.com>
Date:   Sun Nov 17 18:48:07 2024 +0000

    Merge pull request #2 from kabileshsekar/practical08
    
    Practical08

commit 2c40b571f49abb68b0814993a0752148b43845f5
Author: kabileshsekar <105058250+kabileshsekar@users.noreply.github.com>
Date:   Sun Nov 17 18:46:01 2024 +0000

    Add files via upload

commit 547ef29e97c429250a6dca9f9fe934e3c1313d7e
Author: kabileshsekar <105058250+kabileshsekar@users.noreply.github.com>
Date:   Sun Nov 17 18:44:30 2024 +0000

    Add files via upload

commit bc03dbe5947692e4fb3cf8c11b6320988bca17c1
Merge: ff33370 4777610
Author: kabileshsekar <105058250+kabileshsekar@users.noreply.github.com>
Date:   Sat Nov 2 16:20:01 2024 +0000

    Merge pull request #1 from kabileshsekar/practical06
    
    Practical06

commit 47776104393cadd8fb5d295b26d2cb21907d8166
Author: kabileshsekar <105058250+kabileshsekar@users.noreply.github.com>
Date:   Sat Nov 2 16:19:33 2024 +0000

    Added practical06 files

commit 310b41b5c0108046cd69565c23cc3c0564b30f0a
Author: kabileshsekar <105058250+kabileshsekar@users.noreply.github.com>
Date:   Sat Nov 2 16:19:07 2024 +0000

    Added practical05 files

commit c078efa3978fb99a9cf01ea7b2ddda329d79a3ae
Author: kabileshsekar <105058250+kabileshsekar@users.noreply.github.com>
Date:   Sat Nov 2 16:18:31 2024 +0000

    Added practical04 files

commit a6955844804f768bd5619b1c1a950d4a0ab01e89
Author: kabileshsekar <105058250+kabileshsekar@users.noreply.github.com>
Date:   Sat Nov 2 16:18:03 2024 +0000

    Added practical03 files

commit d17d6d7abf32f6452ad96d1f92b966539c135885
Author: kabileshsekar <105058250+kabileshsekar@users.noreply.github.com>
Date:   Sat Nov 2 16:17:30 2024 +0000

    Added practical02 files

commit ff333703cbba1e76f7b4794a44a4626d999528bb
Author: kabileshsekar <105058250+kabileshsekar@users.noreply.github.com>
Date:   Sat Nov 2 16:07:28 2024 +0000

    Initial commit
